  draw.cpp
C:\Users\Victor\Documents\Ecole\Poly\H22\New folder\OpenGLFractal\OpenGLFractal\VGA.h(47,17): warning C4244: 'argument': conversion from 'unsigned int' to 'GLfloat', possible loss of data
C:\Users\Victor\Documents\Ecole\Poly\H22\New folder\OpenGLFractal\OpenGLFractal\VGA.h(47,14): warning C4244: 'argument': conversion from 'unsigned int' to 'GLfloat', possible loss of data
C:\Users\Victor\Documents\Ecole\Poly\H22\New folder\OpenGLFractal\OpenGLFractal\draw.cpp(55,27): warning C4244: 'argument': conversion from 'int' to 'float', possible loss of data
C:\Users\Victor\Documents\Ecole\Poly\H22\New folder\OpenGLFractal\OpenGLFractal\draw.cpp(55,38): warning C4244: '=': conversion from 'float' to 'int', possible loss of data
  Fractal.cpp
C:\Users\Victor\Documents\Ecole\Poly\H22\New folder\OpenGLFractal\OpenGLFractal\VGA.h(47,17): warning C4244: 'argument': conversion from 'unsigned int' to 'GLfloat', possible loss of data
C:\Users\Victor\Documents\Ecole\Poly\H22\New folder\OpenGLFractal\OpenGLFractal\VGA.h(47,14): warning C4244: 'argument': conversion from 'unsigned int' to 'GLfloat', possible loss of data
C:\Users\Victor\Documents\Ecole\Poly\H22\New folder\OpenGLFractal\OpenGLFractal\Fractal.cpp(171,19): warning C4244: 'initializing': conversion from 'double' to '__int64', possible loss of data
C:\Users\Victor\Documents\Ecole\Poly\H22\New folder\OpenGLFractal\OpenGLFractal\Fractal.cpp(172,19): warning C4244: 'initializing': conversion from 'double' to '__int64', possible loss of data
C:\Users\Victor\Documents\Ecole\Poly\H22\New folder\OpenGLFractal\OpenGLFractal\Fractal.cpp(181,21): warning C4244: 'initializing': conversion from 'double' to '__int64', possible loss of data
C:\Users\Victor\Documents\Ecole\Poly\H22\New folder\OpenGLFractal\OpenGLFractal\Fractal.cpp(182,21): warning C4244: 'initializing': conversion from 'double' to '__int64', possible loss of data
C:\Users\Victor\Documents\Ecole\Poly\H22\New folder\OpenGLFractal\OpenGLFractal\Fractal.cpp(219,28): warning C4244: 'initializing': conversion from 'double' to '__int64', possible loss of data
C:\Users\Victor\Documents\Ecole\Poly\H22\New folder\OpenGLFractal\OpenGLFractal\Fractal.cpp(220,25): warning C4244: 'initializing': conversion from 'double' to '__int64', possible loss of data
C:\Users\Victor\Documents\Ecole\Poly\H22\New folder\OpenGLFractal\OpenGLFractal\Fractal.cpp(221,25): warning C4244: 'initializing': conversion from 'double' to '__int64', possible loss of data
C:\Users\Victor\Documents\Ecole\Poly\H22\New folder\OpenGLFractal\OpenGLFractal\Fractal.cpp(222,25): warning C4244: 'initializing': conversion from 'double' to '__int64', possible loss of data
C:\Users\Victor\Documents\Ecole\Poly\H22\New folder\OpenGLFractal\OpenGLFractal\Fractal.cpp(223,21): warning C4244: 'initializing': conversion from 'double' to '__int64', possible loss of data
C:\Users\Victor\Documents\Ecole\Poly\H22\New folder\OpenGLFractal\OpenGLFractal\Fractal.cpp(224,21): warning C4244: 'initializing': conversion from 'double' to '__int64', possible loss of data
C:\Users\Victor\Documents\Ecole\Poly\H22\New folder\OpenGLFractal\OpenGLFractal\Fractal.cpp(353,39): warning C4244: 'argument': conversion from 'double' to 'int', possible loss of data
C:\Users\Victor\Documents\Ecole\Poly\H22\New folder\OpenGLFractal\OpenGLFractal\Fractal.cpp(353,29): warning C4244: 'argument': conversion from 'double' to 'int', possible loss of data
C:\Users\Victor\Documents\Ecole\Poly\H22\New folder\OpenGLFractal\OpenGLFractal\Fractal.cpp(353,19): warning C4244: 'argument': conversion from 'double' to 'int', possible loss of data
  my_very_long_int.cpp
C:\Users\Victor\Documents\Ecole\Poly\H22\New folder\OpenGLFractal\OpenGLFractal\my_very_long_int.cpp(98,15): warning C4244: 'initializing': conversion from 'double' to '__int64', possible loss of data
  OpenGLFractal.cpp
C:\Users\Victor\Documents\Ecole\Poly\H22\New folder\OpenGLFractal\OpenGLFractal\VGA.h(47,17): warning C4244: 'argument': conversion from 'unsigned int' to 'GLfloat', possible loss of data
C:\Users\Victor\Documents\Ecole\Poly\H22\New folder\OpenGLFractal\OpenGLFractal\VGA.h(47,14): warning C4244: 'argument': conversion from 'unsigned int' to 'GLfloat', possible loss of data
  VGA.cpp
C:\Users\Victor\Documents\Ecole\Poly\H22\New folder\OpenGLFractal\OpenGLFractal\VGA.h(47,17): warning C4244: 'argument': conversion from 'unsigned int' to 'GLfloat', possible loss of data
C:\Users\Victor\Documents\Ecole\Poly\H22\New folder\OpenGLFractal\OpenGLFractal\VGA.h(47,14): warning C4244: 'argument': conversion from 'unsigned int' to 'GLfloat', possible loss of data
C:\Users\Victor\Documents\Ecole\Poly\H22\New folder\OpenGLFractal\OpenGLFractal\VGA.cpp(40,58): warning C4244: 'argument': conversion from 'double' to 'GLfloat', possible loss of data
C:\Users\Victor\Documents\Ecole\Poly\H22\New folder\OpenGLFractal\OpenGLFractal\VGA.cpp(40,40): warning C4244: 'argument': conversion from 'double' to 'GLfloat', possible loss of data
C:\Users\Victor\Documents\Ecole\Poly\H22\New folder\OpenGLFractal\OpenGLFractal\VGA.cpp(40,23): warning C4244: 'argument': conversion from 'double' to 'GLfloat', possible loss of data
  Generating Code...
  OpenGLFractal.vcxproj -> C:\Users\Victor\Documents\Ecole\Poly\H22\New folder\OpenGLFractal\Debug\OpenGLFractal.exe
